<?xml version="1.0" encoding="utf-8"?><testsuites name="pytest tests"><testsuite name="pytest" errors="0" failures="0" skipped="0" tests="31" time="10.736" timestamp="2026-07-02T10:11:32.920279+00:00" hostname="agent-env-332130c3-4e6c-41e4-8dbc-cd41ae05eb3d"><testcase classname="backend.tests.backend_api_test.TestAuth" name="test_admin_login_returns_token" time="0.658" /><testcase classname="backend.tests.backend_api_test.TestAuth" name="test_login_bad_password" time="0.139" /><testcase classname="backend.tests.backend_api_test.TestRBAC" name="test_unauth_users_401" time="0.148" /><testcase classname="backend.tests.backend_api_test.TestRBAC" name="test_unauth_tickets_401" time="0.139" /><testcase classname="backend.tests.backend_api_test.TestRBAC" name="test_unauth_invoices_401" time="0.142" /><testcase classname="backend.tests.backend_api_test.TestRBAC" name="test_lowpriv_users_403" time="0.605" /><testcase classname="backend.tests.backend_api_test.TestRBAC" name="test_lowpriv_reports_revenue_403" time="0.183" /><testcase classname="backend.tests.backend_api_test.TestRBAC" name="test_lowpriv_delete_customer_403" time="0.401" /><testcase classname="backend.tests.backend_api_test.TestRBAC" name="test_lowpriv_can_create_tickets" time="0.198" /><testcase classname="backend.tests.backend_api_test.TestTicketing" name="test_list_tickets" time="0.169" /><testcase classname="backend.tests.backend_api_test.TestTicketing" name="test_get_ticket_by_id" time="0.474" /><testcase classname="backend.tests.backend_api_test.TestTicketing" name="test_add_comment" time="0.379" /><testcase classname="backend.tests.backend_api_test.TestTicketing" name="test_assign_ticket" time="0.487" /><testcase classname="backend.tests.backend_api_test.TestTicketing" name="test_update_status_resolved" time="0.227" /><testcase classname="backend.tests.backend_api_test.TestTicketing" name="test_tickets_statistics" time="0.331" /><testcase classname="backend.tests.backend_api_test.TestReports" name="test_report_endpoint_200[/reports/revenue]" time="0.356" /><testcase classname="backend.tests.backend_api_test.TestReports" name="test_report_endpoint_200[/reports/customer-growth]" time="0.348" /><testcase classname="backend.tests.backend_api_test.TestReports" name="test_report_endpoint_200[/reports/payment-methods]" time="0.301" /><testcase classname="backend.tests.backend_api_test.TestReports" name="test_report_endpoint_200[/reports/service-plans]" time="0.323" /><testcase classname="backend.tests.backend_api_test.TestReports" name="test_report_endpoint_200[/reports/tickets]" time="0.316" /><testcase classname="backend.tests.backend_api_test.TestReports" name="test_revenue_total_is_number" time="0.254" /><testcase classname="backend.tests.backend_api_test.TestHsgqOlt" name="test_list_olts" time="0.254" /><testcase classname="backend.tests.backend_api_test.TestHsgqOlt" name="test_olt_onts_and_discover_and_reboot" time="0.886" /><testcase classname="backend.tests.backend_api_test.TestInvoicing" name="test_invoice_amounts_are_numbers_and_vat_correct" time="0.256" /><testcase classname="backend.tests.backend_api_test.TestInvoicing" name="test_record_payment_marks_paid" time="0.452" /><testcase classname="backend.tests.backend_api_test.TestInvoicing" name="test_invoice_pdf" time="0.900" /><testcase classname="backend.tests.backend_api_test.TestCustomerPortal" name="test_portal_login" time="0.217" /><testcase classname="backend.tests.backend_api_test.TestCustomerPortal" name="test_portal_dashboard" time="0.207" /><testcase classname="backend.tests.backend_api_test.TestCustomerPortal" name="test_portal_invoices" time="0.214" /><testcase classname="backend.tests.backend_api_test.TestCustomerPortal" name="test_portal_payments" time="0.204" /><testcase classname="backend.tests.backend_api_test.TestCustomerPortal" name="test_portal_dashboard_requires_token" time="0.241" /></testsuite></testsuites>